<?xml version="1.0" encoding="UTF-8"?>
<robot generator="Robot 7.1 (Python 3.12.4 on win32)" generated="2024-11-01T15:43:32.409773" rpa="false" schemaversion="5">
<suite id="s1" name="Login Teste" source="c:\Users\ldrodrigues\Desktop\Automação_Solar\App_solar\1-teste_regressão\login_teste.robot">
<test id="s1-t1" name="Caso de Teste 1: Testando tela login" line="8">
<kw name="Open App_solar" owner="login_resoucer" type="SETUP">
<kw name="Open Application" owner="AppiumLibrary">
<arg>http://127.0.0.1:4723/wd/hub</arg>
<arg>automationName=Uiautomator2</arg>
<arg>platformName=Android</arg>
<arg>deviceName=teste</arg>
<arg>app=C:/Users/ldrodrigues/Desktop/Automação_Solar/App_solar/qa_teste_2.4.6.apk</arg>
<arg>udid=emulator-5554</arg>
<doc>Opens a new application to given Appium server.
Capabilities of appium server, Android and iOS,
Please check https://appium.io/docs/en/2.1/cli/args/
| *Option*            | *Man.* | *Description*     |
| remote_url          | Yes    | Appium server url |
| alias               | no     | alias             |
| strict_ssl          | No     | allows you to send commands to an invalid certificate host like a self-signed one. |</doc>
<status status="PASS" start="2024-11-01T15:43:32.556340" elapsed="11.794152"/>
</kw>
<status status="PASS" start="2024-11-01T15:43:32.555805" elapsed="11.794687"/>
</kw>
<kw name="Dado que o usuario insira cpf/cnpj valido" owner="login_resoucer">
<kw name="Wait Until Element Is Visible" owner="AppiumLibrary">
<msg time="2024-11-01T15:43:46.274698" level="INFO">criteria is com.android.permissioncontroller:id/permission_allow_foreground_only_button
criteria is com.android.permissioncontroller:id/permission_allow_foreground_only_button</msg>
<arg>id=com.android.permissioncontroller:id/permission_allow_foreground_only_button</arg>
<doc>Waits until element specified with `locator` is visible.</doc>
<status status="PASS" start="2024-11-01T15:43:44.351503" elapsed="1.924196"/>
</kw>
<kw name="Click Element" owner="AppiumLibrary">
<msg time="2024-11-01T15:43:46.276698" level="INFO">Clicking element 'id=com.android.permissioncontroller:id/permission_allow_foreground_only_button'.</msg>
<msg time="2024-11-01T15:43:46.364217" level="INFO">criteria is com.android.permissioncontroller:id/permission_allow_foreground_only_button</msg>
<arg>id=com.android.permissioncontroller:id/permission_allow_foreground_only_button</arg>
<doc>Click element identified by `locator`.</doc>
<status status="PASS" start="2024-11-01T15:43:46.275699" elapsed="0.088518"/>
</kw>
<kw name="Sleep" owner="BuiltIn">
<msg time="2024-11-01T15:43:48.364423" level="INFO">Slept 2 seconds.</msg>
<arg>2</arg>
<doc>Pauses the test executed for the given time.</doc>
<status status="PASS" start="2024-11-01T15:43:46.364217" elapsed="2.000206"/>
</kw>
<kw name="Wait Until Element Is Visible" owner="AppiumLibrary">
<msg time="2024-11-01T15:43:51.000025" level="INFO">criteria is com.android.permissioncontroller:id/permission_allow_button
criteria is com.android.permissioncontroller:id/permission_allow_button
criteria is com.android.permissioncontroller:id/permission_allow_button
criteria is com.android.permissioncontroller:id/permission_allow_button
criteria is com.android.permissioncontroller:id/permission_allow_button
criteria is com.android.permissioncontroller:id/permission_allow_button
criteria is com.android.permissioncontroller:id/permission_allow_button
criteria is com.android.permissioncontroller:id/permission_allow_button</msg>
<arg>id=com.android.permissioncontroller:id/permission_allow_button</arg>
<doc>Waits until element specified with `locator` is visible.</doc>
<status status="PASS" start="2024-11-01T15:43:48.364423" elapsed="2.635602"/>
</kw>
<kw name="Click Element" owner="AppiumLibrary">
<msg time="2024-11-01T15:43:51.001070" level="INFO">Clicking element 'id=com.android.permissioncontroller:id/permission_allow_button'.</msg>
<msg time="2024-11-01T15:43:51.058463" level="INFO">criteria is com.android.permissioncontroller:id/permission_allow_button</msg>
<arg>id=com.android.permissioncontroller:id/permission_allow_button</arg>
<doc>Click element identified by `locator`.</doc>
<status status="PASS" start="2024-11-01T15:43:51.000025" elapsed="0.058438"/>
</kw>
<kw name="Wait Until Element Is Visible" owner="AppiumLibrary">
<msg time="2024-11-01T15:43:51.639344" level="INFO">criteria is test:id/button-test:id/page-Login
criteria is test:id/button-test:id/page-Login</msg>
<arg>id=test:id/button-test:id/page-Login</arg>
<doc>Waits until element specified with `locator` is visible.</doc>
<status status="PASS" start="2024-11-01T15:43:51.059861" elapsed="0.579483"/>
</kw>
<kw name="Click Element" owner="AppiumLibrary">
<msg time="2024-11-01T15:43:51.640355" level="INFO">Clicking element 'id=test:id/button-test:id/page-Login'.</msg>
<msg time="2024-11-01T15:43:51.691961" level="INFO">criteria is test:id/button-test:id/page-Login</msg>
<arg>id=test:id/button-test:id/page-Login</arg>
<doc>Click element identified by `locator`.</doc>
<status status="PASS" start="2024-11-01T15:43:51.639344" elapsed="0.052617"/>
</kw>
<kw name="Wait Until Element Is Visible" owner="AppiumLibrary">
<msg time="2024-11-01T15:43:52.420924" level="INFO">xpath criteria: //android.widget.EditText[@text="Seu CPF/CNPJ aqui"]</msg>
<arg>${CAMPO_CPF/CNPJ}</arg>
<doc>Waits until element specified with `locator` is visible.</doc>
<status status="PASS" start="2024-11-01T15:43:51.691961" elapsed="0.728963"/>
</kw>
<kw name="Input Password" owner="AppiumLibrary">
<msg time="2024-11-01T15:43:52.421923" level="INFO">Typing password into text field 'xpath=//android.widget.EditText[@text="Seu CPF/CNPJ aqui"]'</msg>
<msg time="2024-11-01T15:43:52.519989" level="INFO">xpath criteria: //android.widget.EditText[@text="Seu CPF/CNPJ aqui"]</msg>
<arg>${CAMPO_CPF/CNPJ}</arg>
<arg>text=75863121840</arg>
<doc>Types the given password into text field identified by `locator`.</doc>
<status status="PASS" start="2024-11-01T15:43:52.421923" elapsed="0.098066"/>
</kw>
<kw name="Wait Until Element Is Visible" owner="AppiumLibrary">
<msg time="2024-11-01T15:43:53.165068" level="INFO">xpath criteria: //android.widget.TextView[@text="Entrar"]</msg>
<arg>${BUTTON_ENTRAR}</arg>
<doc>Waits until element specified with `locator` is visible.</doc>
<status status="PASS" start="2024-11-01T15:43:52.519989" elapsed="0.645079"/>
</kw>
<kw name="Click Element" owner="AppiumLibrary">
<msg time="2024-11-01T15:43:53.166590" level="INFO">Clicking element 'xpath=//android.widget.TextView[@text="Entrar"]'.</msg>
<msg time="2024-11-01T15:43:53.287866" level="INFO">xpath criteria: //android.widget.TextView[@text="Entrar"]</msg>
<arg>${BUTTON_ENTRAR}</arg>
<doc>Click element identified by `locator`.</doc>
<status status="PASS" start="2024-11-01T15:43:53.166080" elapsed="0.121786"/>
</kw>
<status status="PASS" start="2024-11-01T15:43:44.351503" elapsed="8.936363"/>
</kw>
<kw name="Quando o usuario insira senha valida" owner="login_resoucer">
<kw name="Wait Until Element Is Visible" owner="AppiumLibrary">
<msg time="2024-11-01T15:43:54.300893" level="INFO">xpath criteria: //android.widget.EditText[@text="Sua senha aqui"]</msg>
<arg>${CAMPO_SENHA}</arg>
<doc>Waits until element specified with `locator` is visible.</doc>
<status status="PASS" start="2024-11-01T15:43:53.288868" elapsed="1.012025"/>
</kw>
<kw name="Input Password" owner="AppiumLibrary">
<msg time="2024-11-01T15:43:54.301892" level="INFO">Typing password into text field 'Xpath=//android.widget.EditText[@text="Sua senha aqui"]'</msg>
<msg time="2024-11-01T15:43:54.374195" level="INFO">xpath criteria: //android.widget.EditText[@text="Sua senha aqui"]</msg>
<arg>${CAMPO_SENHA}</arg>
<arg>text=Senha@123</arg>
<doc>Types the given password into text field identified by `locator`.</doc>
<status status="PASS" start="2024-11-01T15:43:54.300893" elapsed="0.073302"/>
</kw>
<status status="PASS" start="2024-11-01T15:43:53.288868" elapsed="1.085327"/>
</kw>
<kw name="E click no botão entrar" owner="login_resoucer">
<kw name="Wait Until Element Is Visible" owner="AppiumLibrary">
<msg time="2024-11-01T15:43:54.913318" level="INFO">xpath criteria: //android.widget.TextView[@text="Entrar"]</msg>
<arg>${BUTTON_ENTRAR}</arg>
<doc>Waits until element specified with `locator` is visible.</doc>
<status status="PASS" start="2024-11-01T15:43:54.375196" elapsed="0.538122"/>
</kw>
<kw name="Click Element" owner="AppiumLibrary">
<msg time="2024-11-01T15:43:54.914330" level="INFO">Clicking element 'xpath=//android.widget.TextView[@text="Entrar"]'.</msg>
<msg time="2024-11-01T15:43:55.009894" level="INFO">xpath criteria: //android.widget.TextView[@text="Entrar"]</msg>
<arg>${BUTTON_ENTRAR}</arg>
<doc>Click element identified by `locator`.</doc>
<status status="PASS" start="2024-11-01T15:43:54.913318" elapsed="0.096576"/>
</kw>
<status status="PASS" start="2024-11-01T15:43:54.374195" elapsed="0.635699"/>
</kw>
<kw name="Então sera direcionado a tela home" owner="login_resoucer">
<kw name="Sleep" owner="BuiltIn">
<msg time="2024-11-01T15:43:57.015222" level="INFO">Slept 2 seconds.</msg>
<arg>2</arg>
<doc>Pauses the test executed for the given time.</doc>
<status status="PASS" start="2024-11-01T15:43:55.014894" elapsed="2.000328"/>
</kw>
<kw name="Wait Until Page Contains" owner="AppiumLibrary">
<arg>Buscar no SOLAR +</arg>
<doc>Waits until `text` appears on current page.</doc>
<status status="PASS" start="2024-11-01T15:43:57.015222" elapsed="0.762258"/>
</kw>
<kw name="Wait Until Page Contains Element" owner="AppiumLibrary">
<msg time="2024-11-01T15:43:57.850322" level="INFO">criteria is test:id/input-app-header</msg>
<arg>id=test:id/input-app-header</arg>
<doc>Waits until element specified with `locator` appears on current page.</doc>
<status status="PASS" start="2024-11-01T15:43:57.777480" elapsed="0.072842"/>
</kw>
<status status="PASS" start="2024-11-01T15:43:55.014894" elapsed="2.835428"/>
</kw>
<kw name="Fechar app" owner="login_resoucer" type="TEARDOWN">
<kw name="Run Process" owner="Process">
<msg time="2024-11-01T15:43:57.852337" level="INFO">Starting process:
adb uninstall br.com.solarbr.solarapp</msg>
<msg time="2024-11-01T15:43:57.864920" level="INFO">Waiting for process to complete.</msg>
<msg time="2024-11-01T15:43:58.374600" level="INFO">Process completed.</msg>
<arg>adb</arg>
<arg>uninstall</arg>
<arg>${APP_PACKAGE}</arg>
<doc>Runs a process and waits for it to complete.</doc>
<status status="PASS" start="2024-11-01T15:43:57.852337" elapsed="0.522263"/>
</kw>
<kw name="Close Application" owner="AppiumLibrary">
<doc>Closes the current application and also close webdriver session.</doc>
<status status="PASS" start="2024-11-01T15:43:58.374600" elapsed="0.544430"/>
</kw>
<status status="PASS" start="2024-11-01T15:43:57.851339" elapsed="1.067691"/>
</kw>
<doc>Tela login</doc>
<tag>login</tag>
<status status="PASS" start="2024-11-01T15:43:32.554804" elapsed="26.364226"/>
</test>
<status status="PASS" start="2024-11-01T15:43:32.413776" elapsed="26.507580"/>
</suite>
<statistics>
<total>
<stat pass="1" fail="0" skip="0">All Tests</stat>
</total>
<tag>
<stat pass="1" fail="0" skip="0">login</stat>
</tag>
<suite>
<stat pass="1" fail="0" skip="0" id="s1" name="Login Teste">Login Teste</stat>
</suite>
</statistics>
<errors>
</errors>
</robot>
